<?xml version="1.0" encoding="UTF-8"?>
<testng-results skipped="0" failed="1" ignored="0" total="5" passed="4">
  <reporter-output>
  </reporter-output>
  <suite name="Default suite" duration-ms="57470" started-at="2019-07-31T01:17:02Z" finished-at="2019-07-31T01:17:59Z">
    <groups>
    </groups>
    <test name="Default test" duration-ms="57470" started-at="2019-07-31T01:17:02Z" finished-at="2019-07-31T01:17:59Z">
      <class name="Test.test">
        <test-method status="PASS" signature="setup()[pri:0, instance:Test.test@d8355a8]" name="setup" is-config="true" duration-ms="3725" started-at="2019-07-31T01:17:02Z" finished-at="2019-07-31T01:17:05Z">
          <reporter-output>
          </reporter-output>
        </test-method> <!-- setup -->
        <test-method status="PASS" signature="prubaCantidadDeCampos()[pri:0, instance:Test.test@d8355a8]" name="prubaCantidadDeCampos" duration-ms="23" started-at="2019-07-31T01:17:05Z" finished-at="2019-07-31T01:17:05Z">
          <reporter-output>
          </reporter-output>
        </test-method> <!-- prubaCantidadDeCampos -->
        <test-method status="PASS" signature="teardown(org.testng.ITestResult)[pri:0, instance:Test.test@d8355a8]" name="teardown" is-config="true" duration-ms="2330" started-at="2019-07-31T01:17:05Z" finished-at="2019-07-31T01:17:08Z">
          <params>
            <param index="0">
              <value>
                <![CDATA[[TestResult name=prubaCantidadDeCampos status=SUCCESS method=test.prubaCantidadDeCampos()[pri:0, instance:Test.test@d8355a8] output={null}]]]>
              </value>
            </param>
          </params>
          <reporter-output>
          </reporter-output>
        </test-method> <!-- teardown -->
        <test-method status="PASS" signature="setup()[pri:0, instance:Test.test@d8355a8]" name="setup" is-config="true" duration-ms="3112" started-at="2019-07-31T01:17:08Z" finished-at="2019-07-31T01:17:11Z">
          <reporter-output>
          </reporter-output>
        </test-method> <!-- setup -->
        <test-method status="PASS" signature="pruebaDos()[pri:0, instance:Test.test@d8355a8]" name="pruebaDos" duration-ms="10814" started-at="2019-07-31T01:17:11Z" finished-at="2019-07-31T01:17:22Z">
          <reporter-output>
          </reporter-output>
        </test-method> <!-- pruebaDos -->
        <test-method status="PASS" signature="teardown(org.testng.ITestResult)[pri:0, instance:Test.test@d8355a8]" name="teardown" is-config="true" duration-ms="2365" started-at="2019-07-31T01:17:22Z" finished-at="2019-07-31T01:17:24Z">
          <params>
            <param index="0">
              <value>
                <![CDATA[[TestResult name=pruebaDos status=SUCCESS method=test.pruebaDos()[pri:0, instance:Test.test@d8355a8] output={null}]]]>
              </value>
            </param>
          </params>
          <reporter-output>
          </reporter-output>
        </test-method> <!-- teardown -->
        <test-method status="PASS" signature="setup()[pri:0, instance:Test.test@d8355a8]" name="setup" is-config="true" duration-ms="4256" started-at="2019-07-31T01:17:24Z" finished-at="2019-07-31T01:17:28Z">
          <reporter-output>
          </reporter-output>
        </test-method> <!-- setup -->
        <test-method status="FAIL" signature="pruebaLoginByFields()[pri:0, instance:Test.test@d8355a8]" name="pruebaLoginByFields" duration-ms="42" started-at="2019-07-31T01:17:28Z" finished-at="2019-07-31T01:17:28Z">
          <exception class="org.openqa.selenium.ElementNotVisibleException">
            <message>
              <![CDATA[element not visible
  (Session info: chrome=75.0.3770.100)
  (Driver info: chromedriver=2.41.578737 (49da6702b16031c40d63e5618de03a32ff6c197e),platform=Windows NT 6.1.7601 SP1 x86_64) (WARNING: The server did not provide any stacktrace information)
Command duration or timeout: 0 milliseconds
Build info: version: '3.141.59', revision: 'e82be7d358', time: '2018-11-14T08:17:03'
System info: host: 'ALIENANGELDESK', ip: '192.168.0.8', os.name: 'Windows 7', os.arch: 'amd64', os.version: '6.1', java.version: '1.8.0_201'
Driver info: org.openqa.selenium.chrome.ChromeDriver
Capabilities {acceptInsecureCerts: false, acceptSslCerts: false, applicationCacheEnabled: false, browserConnectionEnabled: false, browserName: chrome, chrome: {chromedriverVersion: 2.41.578737 (49da6702b16031..., userDataDir: C:\Users\ALIENA~1\AppData\L...}, cssSelectorsEnabled: true, databaseEnabled: false, goog:chromeOptions: {debuggerAddress: localhost:51331}, handlesAlerts: true, hasTouchScreen: false, javascriptEnabled: true, locationContextEnabled: true, mobileEmulationEnabled: false, nativeEvents: true, networkConnectionEnabled: false, pageLoadStrategy: normal, platform: XP, platformName: XP, rotatable: false, setWindowRect: true, takesHeapSnapshot: true, takesScreenshot: true, unexpectedAlertBehaviour: , unhandledPromptBehavior: , version: 75.0.3770.100, webStorageEnabled: true}
Session ID: 55541cf6237ab5bf7e0259aa794b9b44]]>
            </message>
            <full-stacktrace>
              <![CDATA[org.openqa.selenium.ElementNotVisibleException: element not visible
  (Session info: chrome=75.0.3770.100)
  (Driver info: chromedriver=2.41.578737 (49da6702b16031c40d63e5618de03a32ff6c197e),platform=Windows NT 6.1.7601 SP1 x86_64) (WARNING: The server did not provide any stacktrace information)
Command duration or timeout: 0 milliseconds
Build info: version: '3.141.59', revision: 'e82be7d358', time: '2018-11-14T08:17:03'
System info: host: 'ALIENANGELDESK', ip: '192.168.0.8', os.name: 'Windows 7', os.arch: 'amd64', os.version: '6.1', java.version: '1.8.0_201'
Driver info: org.openqa.selenium.chrome.ChromeDriver
Capabilities {acceptInsecureCerts: false, acceptSslCerts: false, applicationCacheEnabled: false, browserConnectionEnabled: false, browserName: chrome, chrome: {chromedriverVersion: 2.41.578737 (49da6702b16031..., userDataDir: C:\Users\ALIENA~1\AppData\L...}, cssSelectorsEnabled: true, databaseEnabled: false, goog:chromeOptions: {debuggerAddress: localhost:51331}, handlesAlerts: true, hasTouchScreen: false, javascriptEnabled: true, locationContextEnabled: true, mobileEmulationEnabled: false, nativeEvents: true, networkConnectionEnabled: false, pageLoadStrategy: normal, platform: XP, platformName: XP, rotatable: false, setWindowRect: true, takesHeapSnapshot: true, takesScreenshot: true, unexpectedAlertBehaviour: , unhandledPromptBehavior: , version: 75.0.3770.100, webStorageEnabled: true}
Session ID: 55541cf6237ab5bf7e0259aa794b9b44
at sun.reflect.NativeConstructorAccessorImpl.newInstance0(Native Method)
at sun.reflect.NativeConstructorAccessorImpl.newInstance(Unknown Source)
at sun.reflect.DelegatingConstructorAccessorImpl.newInstance(Unknown Source)
at java.lang.reflect.Constructor.newInstance(Unknown Source)
at org.openqa.selenium.remote.ErrorHandler.createThrowable(ErrorHandler.java:214)
at org.openqa.selenium.remote.ErrorHandler.throwIfResponseFailed(ErrorHandler.java:166)
at org.openqa.selenium.remote.http.JsonHttpResponseCodec.reconstructValue(JsonHttpResponseCodec.java:40)
at org.openqa.selenium.remote.http.AbstractHttpResponseCodec.decode(AbstractHttpResponseCodec.java:80)
at org.openqa.selenium.remote.http.AbstractHttpResponseCodec.decode(AbstractHttpResponseCodec.java:44)
at org.openqa.selenium.remote.HttpCommandExecutor.execute(HttpCommandExecutor.java:158)
at org.openqa.selenium.remote.service.DriverCommandExecutor.execute(DriverCommandExecutor.java:83)
at org.openqa.selenium.remote.RemoteWebDriver.execute(RemoteWebDriver.java:552)
at org.openqa.selenium.remote.RemoteWebElement.execute(RemoteWebElement.java:285)
at org.openqa.selenium.remote.RemoteWebElement.sendKeys(RemoteWebElement.java:106)
at pages.pageLogin.fieldsLogin(pageLogin.java:33)
at Test.test.pruebaLoginByFields(test.java:68)
at sun.reflect.NativeMethodAccessorImpl.invoke0(Native Method)
at sun.reflect.NativeMethodAccessorImpl.invoke(Unknown Source)
at sun.reflect.DelegatingMethodAccessorImpl.invoke(Unknown Source)
at java.lang.reflect.Method.invoke(Unknown Source)
at org.testng.internal.MethodInvocationHelper.invokeMethod(MethodInvocationHelper.java:124)
at org.testng.internal.Invoker.invokeMethod(Invoker.java:583)
at org.testng.internal.Invoker.invokeTestMethod(Invoker.java:719)
at org.testng.internal.Invoker.invokeTestMethods(Invoker.java:989)
at org.testng.internal.TestMethodWorker.invokeTestMethods(TestMethodWorker.java:125)
at org.testng.internal.TestMethodWorker.run(TestMethodWorker.java:109)
at org.testng.TestRunner.privateRun(TestRunner.java:648)
at org.testng.TestRunner.run(TestRunner.java:505)
at org.testng.SuiteRunner.runTest(SuiteRunner.java:455)
at org.testng.SuiteRunner.runSequentially(SuiteRunner.java:450)
at org.testng.SuiteRunner.privateRun(SuiteRunner.java:415)
at org.testng.SuiteRunner.run(SuiteRunner.java:364)
at org.testng.SuiteRunnerWorker.runSuite(SuiteRunnerWorker.java:52)
at org.testng.SuiteRunnerWorker.run(SuiteRunnerWorker.java:84)
at org.testng.TestNG.runSuitesSequentially(TestNG.java:1208)
at org.testng.TestNG.runSuitesLocally(TestNG.java:1137)
at org.testng.TestNG.runSuites(TestNG.java:1049)
at org.testng.TestNG.run(TestNG.java:1017)
at org.testng.remote.AbstractRemoteTestNG.run(AbstractRemoteTestNG.java:115)
at org.testng.remote.RemoteTestNG.initAndRun(RemoteTestNG.java:251)
at org.testng.remote.RemoteTestNG.main(RemoteTestNG.java:77)
]]>
            </full-stacktrace>
          </exception> <!-- org.openqa.selenium.ElementNotVisibleException -->
          <reporter-output>
          </reporter-output>
        </test-method> <!-- pruebaLoginByFields -->
        <test-method status="PASS" signature="teardown(org.testng.ITestResult)[pri:0, instance:Test.test@d8355a8]" name="teardown" is-config="true" duration-ms="2726" started-at="2019-07-31T01:17:28Z" finished-at="2019-07-31T01:17:31Z">
          <params>
            <param index="0">
              <value>
                <![CDATA[[TestResult name=pruebaLoginByFields status=FAILURE method=test.pruebaLoginByFields()[pri:0, instance:Test.test@d8355a8] output={null}]]]>
              </value>
            </param>
          </params>
          <reporter-output>
          </reporter-output>
        </test-method> <!-- teardown -->
        <test-method status="PASS" signature="setup()[pri:0, instance:Test.test@d8355a8]" name="setup" is-config="true" duration-ms="3061" started-at="2019-07-31T01:17:31Z" finished-at="2019-07-31T01:17:34Z">
          <reporter-output>
          </reporter-output>
        </test-method> <!-- setup -->
        <test-method status="PASS" signature="pruebaTres()[pri:0, instance:Test.test@d8355a8]" name="pruebaTres" duration-ms="9887" started-at="2019-07-31T01:17:34Z" finished-at="2019-07-31T01:17:44Z">
          <reporter-output>
          </reporter-output>
        </test-method> <!-- pruebaTres -->
        <test-method status="PASS" signature="teardown(org.testng.ITestResult)[pri:0, instance:Test.test@d8355a8]" name="teardown" is-config="true" duration-ms="2368" started-at="2019-07-31T01:17:44Z" finished-at="2019-07-31T01:17:46Z">
          <params>
            <param index="0">
              <value>
                <![CDATA[[TestResult name=pruebaTres status=SUCCESS method=test.pruebaTres()[pri:0, instance:Test.test@d8355a8] output={null}]]]>
              </value>
            </param>
          </params>
          <reporter-output>
          </reporter-output>
        </test-method> <!-- teardown -->
        <test-method status="PASS" signature="setup()[pri:0, instance:Test.test@d8355a8]" name="setup" is-config="true" duration-ms="3010" started-at="2019-07-31T01:17:46Z" finished-at="2019-07-31T01:17:49Z">
          <reporter-output>
          </reporter-output>
        </test-method> <!-- setup -->
        <test-method status="PASS" signature="pruebaUno()[pri:0, instance:Test.test@d8355a8]" name="pruebaUno" duration-ms="7356" started-at="2019-07-31T01:17:49Z" finished-at="2019-07-31T01:17:57Z">
          <reporter-output>
          </reporter-output>
        </test-method> <!-- pruebaUno -->
        <test-method status="PASS" signature="teardown(org.testng.ITestResult)[pri:0, instance:Test.test@d8355a8]" name="teardown" is-config="true" duration-ms="2370" started-at="2019-07-31T01:17:57Z" finished-at="2019-07-31T01:17:59Z">
          <params>
            <param index="0">
              <value>
                <![CDATA[[TestResult name=pruebaUno status=SUCCESS method=test.pruebaUno()[pri:0, instance:Test.test@d8355a8] output={null}]]]>
              </value>
            </param>
          </params>
          <reporter-output>
          </reporter-output>
        </test-method> <!-- teardown -->
      </class> <!-- Test.test -->
    </test> <!-- Default test -->
  </suite> <!-- Default suite -->
</testng-results>
